2023-04-03 00:41:38.583272 - Initialized conversion of CBT492
2023-04-03 00:41:45.269663 - Received SBGOLOB.CBT505.FILE492 from FILE492.XMI 
2023-04-03 00:41:45.272670 - Found $$$#DATE.txt (text/plain) in SBGOLOB.CBT505.FILE492, moved to FILE492/$$$#DATE
2023-04-03 00:41:45.273875 - Found $$INDEX.txt (text/plain) in SBGOLOB.CBT505.FILE492, moved to FILE492/$$INDEX
2023-04-03 00:41:45.275058 - Found $$KNBUGS.txt (text/plain) in SBGOLOB.CBT505.FILE492, moved to FILE492/$$KNBUGS
2023-04-03 00:41:45.276417 - Found $$NOTE00.txt (text/plain) in SBGOLOB.CBT505.FILE492, moved to FILE492/$$NOTE00
2023-04-03 00:41:45.277601 - Found $$NOTE01.txt (text/plain) in SBGOLOB.CBT505.FILE492, moved to FILE492/$$NOTE01
2023-04-03 00:41:45.278637 - Found $$NOTE02.txt (text/plain) in SBGOLOB.CBT505.FILE492, moved to FILE492/$$NOTE02
2023-04-03 00:41:45.279691 - Found $$NOTE03.txt (text/plain) in SBGOLOB.CBT505.FILE492, moved to FILE492/$$NOTE03
2023-04-03 00:41:45.280789 - Found $$NOTE04.txt (text/plain) in SBGOLOB.CBT505.FILE492, moved to FILE492/$$NOTE04
2023-04-03 00:41:45.281939 - Found $$NOTE05.txt (text/plain) in SBGOLOB.CBT505.FILE492, moved to FILE492/$$NOTE05
2023-04-03 00:41:45.282937 - Found $$NOTE06.txt (text/plain) in SBGOLOB.CBT505.FILE492, moved to FILE492/$$NOTE06
2023-04-03 00:41:45.283979 - Found $$NOTE07.txt (text/plain) in SBGOLOB.CBT505.FILE492, moved to FILE492/$$NOTE07
2023-04-03 00:41:45.284969 - Found $$NOTE08.txt (text/plain) in SBGOLOB.CBT505.FILE492, moved to FILE492/$$NOTE08
2023-04-03 00:41:45.285929 - Found $$NOTE09.txt (text/plain) in SBGOLOB.CBT505.FILE492, moved to FILE492/$$NOTE09
2023-04-03 00:41:45.286927 - Found $$SELECT.txt (text/plain) in SBGOLOB.CBT505.FILE492, moved to FILE492/$$SELECT
2023-04-03 00:41:45.288214 - Found $OA01618.txt (text/plain) in SBGOLOB.CBT505.FILE492, moved to FILE492/$OA01618
2023-04-03 00:41:45.289289 - Found @FILE492.txt (text/plain) in SBGOLOB.CBT505.FILE492, moved to FILE492/@FILE492
2023-04-03 00:41:45.291346 - Found ATRQUERY.txt (text/plain) in SBGOLOB.CBT505.FILE492, moved to FILE492/ATRQUERY
2023-04-03 00:41:45.292897 - Found IFAQUAA.txt (text/plain) in SBGOLOB.CBT505.FILE492, moved to FILE492/IFAQUAA
2023-04-03 00:41:45.294459 - Found IKJXPRM@.txt (text/plain) in SBGOLOB.CBT505.FILE492, moved to FILE492/IKJXPRM@
2023-04-03 00:41:45.295569 - Found SHOWJCL.jcl (text/plain) in SBGOLOB.CBT505.FILE492, moved to FILE492/SHOWJCL
2023-04-03 00:41:45.297167 - Found SHOWJCLS.jcl (text/plain) in SBGOLOB.CBT505.FILE492, moved to FILE492/SHOWJCLS
2023-04-03 00:41:45.300071 - Found SHOWJCL8.jcl (text/plain) in SBGOLOB.CBT505.FILE492, moved to FILE492/SHOWJCL8
2023-04-03 00:41:45.301442 - Found SHOWJCS8.jcl (text/plain) in SBGOLOB.CBT505.FILE492, moved to FILE492/SHOWJCS8
2023-04-03 00:41:45.306847 - Found SHOWJH.txt (text/plain) in SBGOLOB.CBT505.FILE492, moved to FILE492/SHOWJH
2023-04-03 00:41:45.308235 - Found SHOWJ718.jcl (text/plain) in SBGOLOB.CBT505.FILE492, moved to FILE492/SHOWJ718
2023-04-03 00:41:45.309600 - Found SHOWJ719.jcl (text/plain) in SBGOLOB.CBT505.FILE492, moved to FILE492/SHOWJ719
2023-04-03 00:41:45.310907 - Found SHOWJ720.jcl (text/plain) in SBGOLOB.CBT505.FILE492, moved to FILE492/SHOWJ720
2023-04-03 00:41:45.312136 - Found SHOWJ721.jcl (text/plain) in SBGOLOB.CBT505.FILE492, moved to FILE492/SHOWJ721
2023-04-03 00:41:45.313317 - Found SHOWJ722.jcl (text/plain) in SBGOLOB.CBT505.FILE492, moved to FILE492/SHOWJ722
2023-04-03 00:41:45.314689 - Found SHOWJ723.jcl (text/plain) in SBGOLOB.CBT505.FILE492, moved to FILE492/SHOWJ723
2023-04-03 00:41:45.315977 - Found SHOWJ725.jcl (text/plain) in SBGOLOB.CBT505.FILE492, moved to FILE492/SHOWJ725
2023-04-03 00:41:45.317226 - Found SHOWJ801.jcl (text/plain) in SBGOLOB.CBT505.FILE492, moved to FILE492/SHOWJ801
2023-04-03 00:41:45.319662 - Found SHOWMACO.jcl (text/plain) in SBGOLOB.CBT505.FILE492, moved to FILE492/SHOWMACO
2023-04-03 00:41:45.321604 - Found SHOWMACS.jcl (text/plain) in SBGOLOB.CBT505.FILE492, moved to FILE492/SHOWMACS
2023-04-03 00:41:45.323043 - Found SHOWMENM.rexx (text/plain) in SBGOLOB.CBT505.FILE492, moved to FILE492/SHOWMENM
2023-04-03 00:41:45.324273 - Found SHOWMENP.txt (text/plain) in SBGOLOB.CBT505.FILE492, moved to FILE492/SHOWMENP
2023-04-03 00:41:45.325419 - Found SHOWMENU.rexx (text/plain) in SBGOLOB.CBT505.FILE492, moved to FILE492/SHOWMENU
2023-04-03 00:41:45.329894 - Found SHOWMVS.txt (text/plain) in SBGOLOB.CBT505.FILE492, moved to FILE492/SHOWMVS
2023-04-03 00:41:45.331543 - Found SHOWM630.jcl (text/plain) in SBGOLOB.CBT505.FILE492, moved to FILE492/SHOWM630
2023-04-03 00:41:45.332993 - Found SHOWM711.jcl (text/plain) in SBGOLOB.CBT505.FILE492, moved to FILE492/SHOWM711
2023-04-03 00:41:45.334996 - Found SHOWM718.jcl (text/plain) in SBGOLOB.CBT505.FILE492, moved to FILE492/SHOWM718
2023-04-03 00:41:45.336970 - Found SHOWM719.jcl (text/plain) in SBGOLOB.CBT505.FILE492, moved to FILE492/SHOWM719
2023-04-03 00:41:45.339010 - Found SHOWM720.jcl (text/plain) in SBGOLOB.CBT505.FILE492, moved to FILE492/SHOWM720
2023-04-03 00:41:45.340669 - Found SHOWM721.jcl (text/plain) in SBGOLOB.CBT505.FILE492, moved to FILE492/SHOWM721
2023-04-03 00:41:45.342490 - Found SHOWM722.jcl (text/plain) in SBGOLOB.CBT505.FILE492, moved to FILE492/SHOWM722
2023-04-03 00:41:45.344690 - Found SHOWM723.jcl (text/plain) in SBGOLOB.CBT505.FILE492, moved to FILE492/SHOWM723
2023-04-03 00:41:45.345899 - Found SHOWRXSV.rexx (text/plain) in SBGOLOB.CBT505.FILE492, moved to FILE492/SHOWRXSV
2023-04-03 00:41:45.347069 - Found SHOWSAS.txt (text/plain) in SBGOLOB.CBT505.FILE492, moved to FILE492/SHOWSAS
2023-04-03 00:41:45.348468 - Found SHOWTRAP.rexx (text/plain) in SBGOLOB.CBT505.FILE492, moved to FILE492/SHOWTRAP
2023-04-03 00:41:45.355559 - Found SHOWZOS.txt (text/plain) in SBGOLOB.CBT505.FILE492, moved to FILE492/SHOWZOS
2023-04-03 00:41:45.360350 - Found SHOWZ718.txt (text/plain) in SBGOLOB.CBT505.FILE492, moved to FILE492/SHOWZ718
2023-04-03 00:41:45.365611 - Found SHOWZ719.txt (text/plain) in SBGOLOB.CBT505.FILE492, moved to FILE492/SHOWZ719
2023-04-03 00:41:45.371600 - Found SHOWZ720.txt (text/plain) in SBGOLOB.CBT505.FILE492, moved to FILE492/SHOWZ720
2023-04-03 00:41:45.376594 - Found SHOWZ721.txt (text/plain) in SBGOLOB.CBT505.FILE492, moved to FILE492/SHOWZ721
2023-04-03 00:41:45.380633 - Found SHOWZ722.txt (text/plain) in SBGOLOB.CBT505.FILE492, moved to FILE492/SHOWZ722
2023-04-03 00:41:45.384624 - Found SHOWZ723.txt (text/plain) in SBGOLOB.CBT505.FILE492, moved to FILE492/SHOWZ723
2023-04-03 00:41:45.388029 - Found SHOWZ725.txt (text/plain) in SBGOLOB.CBT505.FILE492, moved to FILE492/SHOWZ725
2023-04-03 00:41:45.390996 - Found SHOW0C4.txt (text/plain) in SBGOLOB.CBT505.FILE492, moved to FILE492/SHOW0C4
2023-04-03 00:41:45.393479 - Found SHOW630.txt (text/plain) in SBGOLOB.CBT505.FILE492, moved to FILE492/SHOW630
2023-04-03 00:41:45.394660 - Found STRING.txt (text/plain) in SBGOLOB.CBT505.FILE492, moved to FILE492/STRING
2023-04-03 00:41:45.396220 - Found STRING6$.txt (text/plain) in SBGOLOB.CBT505.FILE492, moved to FILE492/STRING6$
2023-04-03 00:41:45.397397 - Found STRING64.txt (text/plain) in SBGOLOB.CBT505.FILE492, moved to FILE492/STRING64
2023-04-03 00:41:45.398416 - Found STRINO64.txt (text/plain) in SBGOLOB.CBT505.FILE492, moved to FILE492/STRINO64
2023-04-03 00:41:45.399431 - Found STRINP64.txt (text/plain) in SBGOLOB.CBT505.FILE492, moved to FILE492/STRINP64
2023-04-03 00:41:45.400654 - Found X2PJCL.jcl (text/plain) in SBGOLOB.CBT505.FILE492, moved to FILE492/X2PJCL
2023-04-03 00:41:45.424828 - Found X2PXMIT.xmi (application/xmit) in SBGOLOB.CBT505.FILE492
2023-04-03 00:41:45.440381   - Received RECFM=U data, stored XMIT file as CBT492/X2PXMIT.xmi
